{
  "RSpec": {
    "coverage": {
      "/Users/kcaplan/dev/isthisirony/isthisirony/spec/support/factories/statement_factory.rb": [
        1,
        1,
        1,
        null,
        null
      ],
      "/Users/kcaplan/dev/isthisirony/isthisirony/spec/controllers/statements_controller_spec.rb": [
        1,
        1,
        null,
        1,
        null,
        1,
        null,
        5,
        null,
        1,
        1,
        1,
        1,
        null,
        null,
        null,
        1,
        1,
        1,
        1,
        null,
        2,
        null,
        null,
        null,
        null,
        1,
        1,
        1,
        1,
        null,
        null,
        1,
        1,
        null,
        1,
        null,
        1,
        null,
        null,
        null
      ],
      "/Users/kcaplan/dev/isthisirony/isthisirony/spec/rails_helper.rb": [
        null,
        1,
        1,
        1,
        null,
        1,
        1,
        null,
        null,
        null,
        null,
        null,
        null,
        null,
        null,
        null,
        null,
        null,
        null,
        null,
        null,
        null,
        null,
        null,
        null,
        null,
        null,
        1,
        null,
        1,
        1,
        null,
        1,
        null,
        null,
        null,
        null,
        1,
        null,
        null,
        null,
        null,
        null,
        null,
        null,
        null,
        null,
        null,
        null,
        null,
        null,
        null,
        1,
        null,
        null,
        1,
        null,
        null,
        null
      ],
      "/Users/kcaplan/dev/isthisirony/isthisirony/app/controllers/statements_controller.rb": [
        1,
        1,
        1,
        null,
        null,
        1,
        1,
        null,
        1,
        null,
        null,
        1,
        2,
        null,
        2,
        null,
        null,
        1,
        null,
        1,
        1,
        null,
        null,
        1,
        0,
        null,
        null
      ],
      "/Users/kcaplan/dev/isthisirony/isthisirony/app/controllers/application_controller.rb": [
        1,
        null,
        null,
        null
      ],
      "/Users/kcaplan/dev/isthisirony/isthisirony/app/models/statement.rb": [
        1,
        1,
        null
      ],
      "/Users/kcaplan/dev/isthisirony/isthisirony/app/models/application_record.rb": [
        1,
        1,
        null
      ]
    },
    "timestamp": 1503030781
  }
}
